This is pdfTeXk, Version 3.1415926-1.40.9 (Web2C 7.5.7) (format=latex 2008.12.28)  11 MAY 2011 11:18
entering extended mode
 %&-line parsing enabled.
**poster.tex
(./poster.tex
LaTeX2e <2005/12/01>
Babel <v3.8l> and hyphenation patterns for english, usenglishmax, dumylang, noh
yphenation, german-x-2008-06-18, ngerman-x-2008-06-18, ancientgreek, ibycus, ar
abic, basque, bulgarian, catalan, pinyin, coptic, croatian, czech, danish, dutc
h, esperanto, estonian, farsi, finnish, french, galician, german, ngerman, mono
greek, greek, hungarian, icelandic, indonesian, interlingua, irish, italian, la
tin, lithuanian, mongolian, mongolian2a, bokmal, nynorsk, polish, portuguese, r
omanian, russian, sanskrit, serbian, slovak, slovenian, spanish, swedish, turki
sh, ukenglish, ukrainian, uppersorbian, welsh, loaded.
(./a0poster.cls
Document Class: a0poster 2004/01/31 v1.22b a0poster class (GK, MW)
(/usr/local/texlive/2008/texmf-dist/tex/latex/base/article.cls
Document Class: article 2005/09/16 v1.4f Standard LaTeX document class
(/usr/local/texlive/2008/texmf-dist/tex/latex/base/size10.clo
File: size10.clo 2005/09/16 v1.4f Standard LaTeX file (size option)
)
\c@part=\count79
\c@section=\count80
\c@subsection=\count81
\c@subsubsection=\count82
\c@paragraph=\count83
\c@subparagraph=\count84
\c@figure=\count85
\c@table=\count86
\abovecaptionskip=\skip41
\belowcaptionskip=\skip42
\bibindent=\dimen102
)
\xkoord=\count87
\ykoord=\count88
\xscale=\count89
\yscale=\count90
\tausch=\dimen103
\Ausgabe=\write3
\openout3 = `a0header.ps'.


(/usr/local/texlive/2008/texmf-dist/tex/latex/a0poster/a0size.sty
File: a0size.sty 2004/01/31 v1.22b a0poster class (GK, MW)
LaTeX Font Info:    Redeclaring symbol font `largesymbols' on input line 229.
LaTeX Font Info:    Overwriting symbol font `largesymbols' in version `normal'
(Font)                  OMX/cmex/m/n --> OMX/cmex/m/n on input line 229.
LaTeX Font Info:    Overwriting symbol font `largesymbols' in version `bold'
(Font)                  OMX/cmex/m/n --> OMX/cmex/m/n on input line 229.
\big@size=\dimen104
))
(/usr/local/texlive/2008/texmf-dist/tex/latex/graphics/epsfig.sty
Package: epsfig 1999/02/16 v1.7a (e)psfig emulation (SPQR)

(/usr/local/texlive/2008/texmf-dist/tex/latex/graphics/graphicx.sty
Package: graphicx 1999/02/16 v1.0f Enhanced LaTeX Graphics (DPC,SPQR)

(/usr/local/texlive/2008/texmf-dist/tex/latex/graphics/keyval.sty
Package: keyval 1999/03/16 v1.13 key=value parser (DPC)
\KV@toks@=\toks14
)
(/usr/local/texlive/2008/texmf-dist/tex/latex/graphics/graphics.sty
Package: graphics 2006/02/20 v1.0o Standard LaTeX Graphics (DPC,SPQR)

(/usr/local/texlive/2008/texmf-dist/tex/latex/graphics/trig.sty
Package: trig 1999/03/16 v1.09 sin cos tan (DPC)
)
(/usr/local/texlive/2008/texmf/tex/latex/config/graphics.cfg
File: graphics.cfg 2007/01/18 v1.5 graphics configuration of teTeX/TeXLive
)
Package graphics Info: Driver file: dvips.def on input line 90.

(/usr/local/texlive/2008/texmf-dist/tex/latex/graphics/dvips.def
File: dvips.def 1999/02/16 v3.0i Driver-dependant file (DPC,SPQR)
))
\Gin@req@height=\dimen105
\Gin@req@width=\dimen106
)
\epsfxsize=\dimen107
\epsfysize=\dimen108
)
(/usr/local/texlive/2008/texmf-dist/tex/latex/tools/multicol.sty
Package: multicol 2006/05/18 v1.6g multicolumn formatting (FMi)
\c@tracingmulticols=\count91
\mult@box=\box26
\multicol@leftmargin=\dimen109
\c@unbalance=\count92
\c@collectmore=\count93
\doublecol@number=\count94
\multicoltolerance=\count95
\multicolpretolerance=\count96
\full@width=\dimen110
\page@free=\dimen111
\premulticols=\dimen112
\postmulticols=\dimen113
\multicolsep=\skip43
\multicolbaselineskip=\skip44
\partial@page=\box27
\last@line=\box28
\mult@rightbox=\box29
\mult@grightbox=\box30
\mult@gfirstbox=\box31
\mult@firstbox=\box32
\@tempa=\box33
\@tempa=\box34
\@tempa=\box35
\@tempa=\box36
\@tempa=\box37
\@tempa=\box38
\@tempa=\box39
\@tempa=\box40
\@tempa=\box41
\@tempa=\box42
\@tempa=\box43
\@tempa=\box44
\@tempa=\box45
\@tempa=\box46
\@tempa=\box47
\@tempa=\box48
\@tempa=\box49
\c@columnbadness=\count97
\c@finalcolumnbadness=\count98
\last@try=\dimen114
\multicolovershoot=\dimen115
\multicolundershoot=\dimen116
\mult@nat@firstbox=\box50
\colbreak@box=\box51
)
(/usr/local/texlive/2008/texmf-dist/tex/latex/pstricks/pstricks.sty
Package: pstricks 2008/11/26 v0.40 LaTeX wrapper for `PSTricks' (RN,HV)

(/usr/local/texlive/2008/texmf-dist/tex/generic/pstricks/pstricks.tex
`PSTricks' v1.27  <2009/01/25> (tvz)
\pst@dima=\dimen117
\pst@dimb=\dimen118
\pst@dimc=\dimen119
\pst@dimd=\dimen120
\pst@dimg=\dimen121
\pst@dimh=\dimen122
\pst@hbox=\box52
\pst@boxg=\box53
\pst@cnta=\count99
\pst@cntb=\count100
\pst@cntc=\count101
\pst@cntd=\count102
\pst@cntg=\count103
\pst@cnth=\count104
\pst@toks=\toks15
(/usr/local/texlive/2008/texmf-dist/tex/generic/pstricks/pstricks.con)
\psunit=\dimen123
\psxunit=\dimen124
\psyunit=\dimen125
\pslinewidth=\dimen126
\pst@customdefs=\toks16
\pslinearc=\dimen127
\everypsbox=\toks17
\psframesep=\dimen128
\pslabelsep=\dimen129
\pst@shift=\dimen130
\theoverlaybox=\box54
)
File: pstricks.tex 2009/01/25 v1.27 `PSTricks' (tvz,hv)

(/usr/local/texlive/2008/texmf-dist/tex/latex/xcolor/xcolor.sty
Package: xcolor 2007/01/21 v2.11 LaTeX color extensions (UK)

(/usr/local/texlive/2008/texmf/tex/latex/config/color.cfg
File: color.cfg 2007/01/18 v1.5 color configuration of teTeX/TeXLive
)
Package xcolor Info: Driver file: dvips.def on input line 225.
Package xcolor Info: Model `cmy' substituted by `cmy0' on input line 1337.
Package xcolor Info: Model `RGB' extended on input line 1353.
Package xcolor Info: Model `HTML' substituted by `rgb' on input line 1355.
Package xcolor Info: Model `Hsb' substituted by `hsb' on input line 1356.
Package xcolor Info: Model `tHsb' substituted by `hsb' on input line 1357.
Package xcolor Info: Model `HSB' substituted by `hsb' on input line 1358.
Package xcolor Info: Model `Gray' substituted by `gray' on input line 1359.
Package xcolor Info: Model `wave' substituted by `hsb' on input line 1360.
))
(/usr/local/texlive/2008/texmf-dist/tex/latex/pst-grad/pst-grad.sty
Package: pst-grad 2004/07/15 package wrapper for pst-grad.tex (hv)

(/usr/local/texlive/2008/texmf-dist/tex/generic/pst-grad/pst-grad.tex
(/usr/local/texlive/2008/texmf-dist/tex/generic/xkeyval/pst-xkey.tex
File: pst-xkey.tex 2005/11/25 v1.6 PSTricks specialization of xkeyval (HA)

(/usr/local/texlive/2008/texmf-dist/tex/latex/xkeyval/xkeyval.sty
Package: xkeyval 2008/08/13 v2.6a package option processing (HA)

(/usr/local/texlive/2008/texmf-dist/tex/generic/xkeyval/xkeyval.tex
\XKV@toks=\toks18
\XKV@tempa@toks=\toks19
\XKV@depth=\count105
File: xkeyval.tex 2008/08/13 v2.6a key=value parser (HA)
)))
`pst-grad' v1.06, 2006/11/27 (tvz,dg,hv))
File: pst-grad.tex 2006/11/27 1.06 `pst-grad' (tvz)
)
(/usr/local/texlive/2008/texmf-dist/tex/latex/pstricks-add/pstricks-add.sty
Package: pstricks-add 2007/09/03 v. 0.11 package wrapper for pstricks-add.tex (
hv)

(/usr/local/texlive/2008/texmf-dist/tex/generic/pstricks-add/pstricks-add.tex
(/usr/local/texlive/2008/texmf-dist/tex/generic/pstricks/pst-plot.tex
(/usr/local/texlive/2008/texmf-dist/tex/generic/multido/multido.tex
 v1.41, 2004/05/18 <tvz>
\multido@count=\count106
\multidocount=\count107
\multido@stuff=\toks20
)  v1.03, 2008/11/24)
(/usr/local/texlive/2008/texmf-dist/tex/generic/pstricks/pst-node.tex
 v1.01, 2008/11/26
\psrow=\count108
\pscol=\count109
\psmatrixcnt=\count110
\psrowsep=\skip45
\pscolsep=\skip46
)
(/usr/local/texlive/2008/texmf-dist/tex/generic/pst-3d/pst-3d.tex
`PST-3d' v1.00, 2005/09/03 (tvz)) `pstricks-add' v3.18, 2009/03/03 (dr,hv)
\pst@dimm=\dimen131
\pst@dimn=\dimen132
\pst@dimo=\dimen133
\pst@dimp=\dimen134
\pst@cntm=\count111
\pst@cntn=\count112
\pst@cnto=\count113
\pst@cntp=\count114
\@zero=\count115
\pstRadUnit=\dimen135
\pstRadUnitInv=\dimen136
\pshooklength=\dimen137
\pshookwidth=\dimen138
\@digitcounter=\count116
\psk@subticksize=\dimen139
\pst@xticksizeA=\dimen140
\pst@xticksizeB=\dimen141
\pst@xticksizeC=\dimen142
\pst@yticksizeA=\dimen143
\pst@yticksizeB=\dimen144
\pst@yticksizeC=\dimen145
\psk@llx=\dimen146
\psk@lly=\dimen147
\psk@urx=\dimen148
\psk@ury=\dimen149
\pst@xunit=\dimen150
\pst@yunit=\dimen151
\linecnt=\count117
\chart@ColorIndex=\dimen152
\chart@ColorStep=\dimen153
\pst@chartHeight=\dimen154
\pst@chartStackDepth=\dimen155
\pst@chartStackWidth=\dimen156
\chart@Toggle=\count118
)
File: pstricks-add.tex 2009/03/03 v3.18 `PSTricks-add' (hv)
)
(/usr/local/texlive/2008/texmf-dist/tex/latex/pst-math/pst-math.sty
Package: pst-math 2009/01/20 package wrapper for PSTricks pst-math.tex

(/usr/local/texlive/2008/texmf-dist/tex/generic/pst-math/pst-math.tex
`pst-math' v0.21 , (CJ,hv))
File: pst-math.tex 2009/03/03 v0.21 `PST-math' (hv)
)
(/usr/local/texlive/2008/texmf-dist/tex/latex/pstricks/pst-node.sty
Package: pst-node 2006/01/01 package wrapper for pst-node.tex

(/usr/local/texlive/2008/texmf-dist/tex/generic/pstricks/pst-node.tex
 v1.01, 2008/11/26)
File: pst-node.tex 2008/11/26 1.01 `pst-node' (tvz)
)
(/usr/local/texlive/2008/texmf-dist/tex/latex/pst-tree/pst-tree.sty
Package: pst-tree 2009/01/25 package wrapper for pst-tree.tex

(/usr/local/texlive/2008/texmf-dist/tex/generic/pst-tree/pst-tree.tex
 v1.10, 2008/12/12
\pstree@rootbox=\box55
\pstree@box=\box56
\psnodecnt=\count119
\pstreelevel=\count120
\pstreecnt=\count121
\pstree@cnt=\count122
\pstree@stop=\count123
)
File: pst-tree.tex 2008/12/12 1.10 `pst-tree' (tvz,hv)
) (./poster.aux)
\openout1 = `poster.aux'.

LaTeX Font Info:    Checking defaults for OML/cmm/m/it on input line 132.
LaTeX Font Info:    ... okay on input line 132.
LaTeX Font Info:    Checking defaults for T1/cmr/m/n on input line 132.
LaTeX Font Info:    ... okay on input line 132.
LaTeX Font Info:    Checking defaults for OT1/cmr/m/n on input line 132.
LaTeX Font Info:    ... okay on input line 132.
LaTeX Font Info:    Checking defaults for OMS/cmsy/m/n on input line 132.
LaTeX Font Info:    ... okay on input line 132.
LaTeX Font Info:    Checking defaults for OMX/cmex/m/n on input line 132.
LaTeX Font Info:    ... okay on input line 132.
LaTeX Font Info:    Checking defaults for U/cmr/m/n on input line 132.
LaTeX Font Info:    ... okay on input line 132.
File: bandit.eps Graphic file (type eps)
 <bandit.eps>
File: bandit.eps Graphic file (type eps)
 <bandit.eps>
File: bandit.eps Graphic file (type eps)
 <bandit.eps>
Overfull \hbox (24.57832pt too wide) in paragraph at lines 213--259
[]$[]$
 []


Underfull \hbox (badness 10000) in paragraph at lines 213--259

 []


Overfull \hbox (24.57832pt too wide) in paragraph at lines 261--312
[]$[]$
 []


Underfull \hbox (badness 10000) in paragraph at lines 261--312

 []


Overfull \hbox (24.57832pt too wide) in paragraph at lines 313--355
[]$[]$
 []


Underfull \hbox (badness 10000) in paragraph at lines 313--355

 []

File: mcts.eps Graphic file (type eps)
<mcts.eps>
Overfull \hbox (24.57832pt too wide) in paragraph at lines 358--380
[]$[]$
 []


Underfull \hbox (badness 10000) in paragraph at lines 358--380

 []

File: double.eps Graphic file (type eps)
<double.eps>
Overfull \hbox (12.6567pt too wide) in paragraph at lines 403--403
[][] 
 []


Overfull \hbox (24.57832pt too wide) in paragraph at lines 383--405
[]$[]$
 []


Underfull \hbox (badness 10000) in paragraph at lines 383--405

 []

File: fantome.eps Graphic file (type eps)
<fantome.eps>
File: tictac.eps Graphic file (type eps)
 <tictac.eps>
File: fantome.eps Graphic file (type eps)
 <fantome.eps>
File: 1vs2e.eps Graphic file (type eps)
 <1vs2e.eps>
Overfull \hbox (12.6567pt too wide) in paragraph at lines 435--435
[][] 
 []


Overfull \hbox (24.57832pt too wide) in paragraph at lines 409--437
[]$[]$
 []


Underfull \hbox (badness 10000) in paragraph at lines 409--437

 []

LaTeX Font Info:    Try loading font information for OMS+cmr on input line 474.

(/usr/local/texlive/2008/texmf-dist/tex/latex/base/omscmr.fd
File: omscmr.fd 1999/05/25 v2.5h Standard LaTeX font definitions
)
LaTeX Font Info:    Font shape `OMS/cmr/m/n' in size <24.88> not available
(Font)              Font shape `OMS/cmsy/m/n' tried instead on input line 474.

Underfull \hbox (badness 10000) in paragraph at lines 474--474
[]$[]\OMS/cmsy/m/n/24.88 ^^O$[] \OT1/cmr/m/n/24.88 Ran-dom Player, a dummy uni-
form ran-dom player.
 []


Overfull \hbox (9.90894pt too wide) in paragraph at lines 474--474
[]
 []


Underfull \hbox (badness 10000) in paragraph at lines 474--474

 []


Overfull \hbox (24.57832pt too wide) in paragraph at lines 441--476
[]$[]$
 []


Underfull \hbox (badness 10000) in paragraph at lines 441--476

 []

(./poster.bbl)
Overfull \hbox (24.57832pt too wide) in paragraph at lines 479--489
[]$[]$
 []


Underfull \hbox (badness 10000) in paragraph at lines 479--489

 []


Overfull \vbox (250.07481pt too high) detected at line 491
 []


Overfull \vbox (249.07481pt too high) detected at line 491
 []


Overfull \vbox (248.07481pt too high) detected at line 491
 []


Overfull \vbox (247.07481pt too high) detected at line 491
 []


Overfull \vbox (246.07481pt too high) detected at line 491
 []


Overfull \vbox (245.07481pt too high) detected at line 491
 []


Overfull \vbox (244.07481pt too high) detected at line 491
 []


Overfull \vbox (243.07481pt too high) detected at line 491
 []


Overfull \vbox (242.07481pt too high) detected at line 491
 []


Overfull \vbox (241.07481pt too high) detected at line 491
 []


Overfull \vbox (240.07481pt too high) detected at line 491
 []


Overfull \vbox (239.07481pt too high) detected at line 491
 []


Overfull \vbox (238.07481pt too high) detected at line 491
 []


Overfull \vbox (237.07481pt too high) detected at line 491
 []


Overfull \vbox (236.07481pt too high) detected at line 491
 []


Overfull \vbox (235.07481pt too high) detected at line 491
 []


Overfull \vbox (234.07481pt too high) detected at line 491
 []


Overfull \vbox (233.07481pt too high) detected at line 491
 []


Overfull \vbox (232.07481pt too high) detected at line 491
 []


Overfull \vbox (231.07481pt too high) detected at line 491
 []


Overfull \vbox (230.07481pt too high) detected at line 491
 []


Overfull \vbox (229.07481pt too high) detected at line 491
 []


Overfull \vbox (228.07481pt too high) detected at line 491
 []


Overfull \vbox (227.07481pt too high) detected at line 491
 []


Overfull \vbox (226.07481pt too high) detected at line 491
 []


Overfull \vbox (225.07481pt too high) detected at line 491
 []


Overfull \vbox (224.07481pt too high) detected at line 491
 []


Overfull \vbox (223.07481pt too high) detected at line 491
 []


Overfull \vbox (222.07481pt too high) detected at line 491
 []


Overfull \vbox (221.07481pt too high) detected at line 491
 []


Overfull \vbox (220.07481pt too high) detected at line 491
 []


Overfull \vbox (219.07481pt too high) detected at line 491
 []


Overfull \vbox (218.07481pt too high) detected at line 491
 []


Overfull \vbox (217.07481pt too high) detected at line 491
 []


Overfull \vbox (216.07481pt too high) detected at line 491
 []


Overfull \vbox (215.07481pt too high) detected at line 491
 []


Overfull \vbox (214.07481pt too high) detected at line 491
 []


Overfull \vbox (213.07481pt too high) detected at line 491
 []


Overfull \vbox (212.07481pt too high) detected at line 491
 []


Overfull \vbox (211.07481pt too high) detected at line 491
 []


Overfull \vbox (210.07481pt too high) detected at line 491
 []


Overfull \vbox (209.07481pt too high) detected at line 491
 []


Overfull \vbox (208.07481pt too high) detected at line 491
 []


Overfull \vbox (207.07481pt too high) detected at line 491
 []


Overfull \vbox (206.07481pt too high) detected at line 491
 []


Overfull \vbox (205.07481pt too high) detected at line 491
 []


Overfull \vbox (204.07481pt too high) detected at line 491
 []


Overfull \vbox (203.07481pt too high) detected at line 491
 []


Overfull \vbox (202.07481pt too high) detected at line 491
 []


Overfull \vbox (201.07481pt too high) detected at line 491
 []


Overfull \vbox (200.07481pt too high) detected at line 491
 []


Overfull \vbox (199.07481pt too high) detected at line 491
 []


Overfull \vbox (198.07481pt too high) detected at line 491
 []


Overfull \vbox (197.07481pt too high) detected at line 491
 []


Overfull \vbox (196.07481pt too high) detected at line 491
 []


Overfull \vbox (195.07481pt too high) detected at line 491
 []


Overfull \vbox (194.07481pt too high) detected at line 491
 []


Overfull \vbox (193.07481pt too high) detected at line 491
 []


Overfull \vbox (192.07481pt too high) detected at line 491
 []


Overfull \vbox (191.07481pt too high) detected at line 491
 []


Overfull \vbox (190.07481pt too high) detected at line 491
 []


Overfull \vbox (189.07481pt too high) detected at line 491
 []


Overfull \vbox (188.07481pt too high) detected at line 491
 []


Overfull \vbox (187.07481pt too high) detected at line 491
 []


Overfull \vbox (186.07481pt too high) detected at line 491
 []


Overfull \vbox (185.07481pt too high) detected at line 491
 []


Overfull \vbox (184.07481pt too high) detected at line 491
 []


Overfull \vbox (183.07481pt too high) detected at line 491
 []


Overfull \vbox (182.07481pt too high) detected at line 491
 []


Overfull \vbox (181.07481pt too high) detected at line 491
 []


Overfull \vbox (180.07481pt too high) detected at line 491
 []


Overfull \vbox (179.07481pt too high) detected at line 491
 []


Overfull \vbox (178.07481pt too high) detected at line 491
 []


Overfull \vbox (177.07481pt too high) detected at line 491
 []


Overfull \vbox (176.07481pt too high) detected at line 491
 []


Overfull \vbox (175.07481pt too high) detected at line 491
 []


Overfull \vbox (174.07481pt too high) detected at line 491
 []


Overfull \vbox (173.07481pt too high) detected at line 491
 []


Overfull \vbox (172.07481pt too high) detected at line 491
 []


Overfull \vbox (171.07481pt too high) detected at line 491
 []


Overfull \vbox (170.07481pt too high) detected at line 491
 []


Overfull \vbox (169.07481pt too high) detected at line 491
 []


Overfull \vbox (168.07481pt too high) detected at line 491
 []


Overfull \vbox (167.07481pt too high) detected at line 491
 []


Overfull \vbox (166.07481pt too high) detected at line 491
 []


Overfull \vbox (165.07481pt too high) detected at line 491
 []


Overfull \vbox (164.07481pt too high) detected at line 491
 []


Overfull \vbox (163.07481pt too high) detected at line 491
 []


Overfull \vbox (162.07481pt too high) detected at line 491
 []


Overfull \vbox (161.07481pt too high) detected at line 491
 []


Overfull \vbox (160.07481pt too high) detected at line 491
 []


Overfull \vbox (159.07481pt too high) detected at line 491
 []


Overfull \vbox (158.07481pt too high) detected at line 491
 []


Overfull \vbox (157.07481pt too high) detected at line 491
 []


Overfull \vbox (156.07481pt too high) detected at line 491
 []


Overfull \vbox (155.07481pt too high) detected at line 491
 []


Overfull \vbox (154.07481pt too high) detected at line 491
 []


Overfull \vbox (153.07481pt too high) detected at line 491
 []


Overfull \vbox (152.07481pt too high) detected at line 491
 []


Overfull \vbox (151.07481pt too high) detected at line 491
 []


Overfull \vbox (150.07481pt too high) detected at line 491
 []


Overfull \vbox (149.07481pt too high) detected at line 491
 []


Overfull \vbox (148.07481pt too high) detected at line 491
 []


Overfull \vbox (147.07481pt too high) detected at line 491
 []


Overfull \vbox (146.07481pt too high) detected at line 491
 []


Overfull \vbox (145.07481pt too high) detected at line 491
 []


Overfull \vbox (144.07481pt too high) detected at line 491
 []


Overfull \vbox (143.07481pt too high) detected at line 491
 []


Overfull \vbox (142.07481pt too high) detected at line 491
 []


Overfull \vbox (141.07481pt too high) detected at line 491
 []


Overfull \vbox (140.07481pt too high) detected at line 491
 []


Overfull \vbox (139.07481pt too high) detected at line 491
 []


Overfull \vbox (138.07481pt too high) detected at line 491
 []


Overfull \vbox (137.07481pt too high) detected at line 491
 []


Overfull \vbox (136.07481pt too high) detected at line 491
 []


Overfull \vbox (135.07481pt too high) detected at line 491
 []


Overfull \vbox (134.07481pt too high) detected at line 491
 []


Overfull \vbox (133.07481pt too high) detected at line 491
 []


Overfull \vbox (132.07481pt too high) detected at line 491
 []


Overfull \vbox (131.07481pt too high) detected at line 491
 []


Overfull \vbox (130.07481pt too high) detected at line 491
 []


Overfull \vbox (129.07481pt too high) detected at line 491
 []


Overfull \vbox (128.07481pt too high) detected at line 491
 []


Overfull \vbox (127.07481pt too high) detected at line 491
 []


Overfull \vbox (126.07481pt too high) detected at line 491
 []


Overfull \vbox (125.07481pt too high) detected at line 491
 []


Overfull \vbox (124.07481pt too high) detected at line 491
 []


Overfull \vbox (123.07481pt too high) detected at line 491
 []


Overfull \vbox (122.07481pt too high) detected at line 491
 []


Overfull \vbox (121.07481pt too high) detected at line 491
 []


Overfull \vbox (120.07481pt too high) detected at line 491
 []


Overfull \vbox (119.07481pt too high) detected at line 491
 []


Overfull \vbox (118.07481pt too high) detected at line 491
 []


Overfull \vbox (117.07481pt too high) detected at line 491
 []


Overfull \vbox (116.07481pt too high) detected at line 491
 []


Overfull \vbox (115.07481pt too high) detected at line 491
 []


Overfull \vbox (114.07481pt too high) detected at line 491
 []


Overfull \vbox (113.07481pt too high) detected at line 491
 []


Overfull \vbox (112.07481pt too high) detected at line 491
 []


Overfull \vbox (111.07481pt too high) detected at line 491
 []


Overfull \vbox (110.07481pt too high) detected at line 491
 []


Overfull \vbox (109.07481pt too high) detected at line 491
 []


Overfull \vbox (108.07481pt too high) detected at line 491
 []


Overfull \vbox (107.07481pt too high) detected at line 491
 []


Overfull \vbox (106.07481pt too high) detected at line 491
 []


Overfull \vbox (105.07481pt too high) detected at line 491
 []


Overfull \vbox (104.07481pt too high) detected at line 491
 []


Overfull \vbox (103.07481pt too high) detected at line 491
 []


Overfull \vbox (102.07481pt too high) detected at line 491
 []


Overfull \vbox (101.07481pt too high) detected at line 491
 []


Overfull \vbox (100.07481pt too high) detected at line 491
 []


Overfull \vbox (99.07481pt too high) detected at line 491
 []


Overfull \vbox (98.07481pt too high) detected at line 491
 []


Overfull \vbox (97.07481pt too high) detected at line 491
 []


Overfull \vbox (96.07481pt too high) detected at line 491
 []


Overfull \vbox (95.07481pt too high) detected at line 491
 []


Overfull \vbox (94.07481pt too high) detected at line 491
 []


Overfull \vbox (93.07481pt too high) detected at line 491
 []


Overfull \vbox (92.07481pt too high) detected at line 491
 []


Overfull \vbox (91.07481pt too high) detected at line 491
 []


Overfull \vbox (90.07481pt too high) detected at line 491
 []

[1

]
Overfull \vbox (40.33856pt too high) has occurred while \output is active []


[2] (./poster.aux) ) 
Here is how much of TeX's memory you used:
 4025 strings out of 493877
 58694 string characters out of 1150590
 236549 words of memory out of 3000000
 7255 multiletter control sequences out of 10000+50000
 10707 words of font info for 38 fonts, out of 3000000 for 5000
 714 hyphenation exceptions out of 8191
 32i,15n,52p,307b,2577s stack positions out of 5000i,500n,10000p,200000b,50000s

Output written on poster.dvi (2 pages, 26556 bytes).
